<?xml version="1.0" encoding="UTF-8"?>
<!-- Generated by org.testng.reporters.JUnitReportReporter -->
<testsuite hostname="DESKTOP-SUL59HV" failures="0" tests="1" name="com.goavegaInterview.tests.BaseTest" time="0.013" errors="0" timestamp="2020-07-24T18:53:27 IST" skipped="0">
  <testcase classname="com.goavegaInterview.tests.BaseTest" name="Test" time="0.013"/>
  <system-out/>
</testsuite> <!-- com.goavegaInterview.tests.BaseTest -->
