<?xml version="1.0" encoding="UTF-8"?>
<!-- Generated by org.testng.reporters.JUnitReportReporter -->
<testsuite hostname="DESKTOP-SUL59HV" failures="0" tests="2" name="com.goavegaInterview.tests.DashboardTest" time="10.489" errors="0" timestamp="2020-07-24T21:50:01 IST" skipped="0">
  <testcase classname="com.goavegaInterview.tests.DashboardTest" name="acccessUserPage" time="10.488"/>
  <system-out/>
  <testcase classname="com.goavegaInterview.tests.DashboardTest" name="Test" time="0.001"/>
  <system-out/>
</testsuite> <!-- com.goavegaInterview.tests.DashboardTest -->
