<?xml version="1.0" encoding="UTF-8"?>
<!-- Generated by org.testng.reporters.JUnitReportReporter -->
<testsuite hostname="DESKTOP-SUL59HV" failures="0" tests="2" name="com.goavegaInterview.tests.ViewUsersPageTest" time="8.725" errors="0" timestamp="2020-07-24T21:50:01 IST" skipped="0">
  <testcase classname="com.goavegaInterview.tests.ViewUsersPageTest" name="accessCreateUserTest" time="8.723"/>
  <system-out/>
  <testcase classname="com.goavegaInterview.tests.ViewUsersPageTest" name="Test" time="0.002"/>
  <system-out/>
</testsuite> <!-- com.goavegaInterview.tests.ViewUsersPageTest -->
