<?xml version="1.0" encoding="UTF-8"?>
<!-- Generated by org.testng.reporters.JUnitReportReporter -->
<testsuite hostname="DESKTOP-SUL59HV" failures="0" tests="2" name="com.goavegaInterview.tests.HomePageTest" time="10.582" errors="0" timestamp="2020-07-24T19:35:33 IST" skipped="0">
  <testcase classname="com.goavegaInterview.tests.HomePageTest" name="loginToApplication" time="10.580"/>
  <system-out/>
  <testcase classname="com.goavegaInterview.tests.HomePageTest" name="Test" time="0.002"/>
  <system-out/>
</testsuite> <!-- com.goavegaInterview.tests.HomePageTest -->
